<?xml version="1.0" encoding="UTF-8"?>
<testng-results skipped="0" failed="0" total="1" passed="1">
  <reporter-output>
  </reporter-output>
  <suite name="Google suites" duration-ms="0" started-at="2016-03-28T03:36:53Z" finished-at="2016-03-28T03:36:53Z">
    <groups>
    </groups>
  </suite> <!-- Google suites -->
  <suite name="Google suites (0)" duration-ms="8188" started-at="2016-03-28T03:36:45Z" finished-at="2016-03-28T03:36:53Z">
    <groups>
    </groups>
    <test name="CorpCalc testx" duration-ms="8188" started-at="2016-03-28T03:36:45Z" finished-at="2016-03-28T03:36:53Z">
      <class name="OpenStartPageTest">
        <test-method status="PASS" signature="bornDriver()[pri:0, instance:OpenStartPageTest@523884b2]" name="bornDriver" is-config="true" duration-ms="1603" started-at="2016-03-28T09:36:45Z" finished-at="2016-03-28T09:36:46Z">
          <reporter-output>
          </reporter-output>
        </test-method> <!-- bornDriver -->
        <test-method status="PASS" signature="openStartPage()[pri:0, instance:OpenStartPageTest@523884b2]" name="openStartPage" duration-ms="5801" started-at="2016-03-28T09:36:46Z" finished-at="2016-03-28T09:36:52Z">
          <reporter-output>
          </reporter-output>
        </test-method> <!-- openStartPage -->
        <test-method status="PASS" signature="killDriver()[pri:0, instance:OpenStartPageTest@523884b2]" name="killDriver" is-config="true" duration-ms="742" started-at="2016-03-28T09:36:52Z" finished-at="2016-03-28T09:36:53Z">
          <reporter-output>
          </reporter-output>
        </test-method> <!-- killDriver -->
      </class> <!-- OpenStartPageTest -->
    </test> <!-- CorpCalc testx -->
  </suite> <!-- Google suites (0) -->
</testng-results>
