<?xml version="1.0" encoding="UTF-8"?>
<testng-results skipped="0" failed="0" total="1" passed="1">
  <reporter-output>
  </reporter-output>
  <suite name="Google suites" duration-ms="0" started-at="2016-03-25T09:27:32Z" finished-at="2016-03-25T09:27:32Z">
    <groups>
    </groups>
  </suite> <!-- Google suites -->
  <suite name="Google suites (0)" duration-ms="4563" started-at="2016-03-25T09:27:27Z" finished-at="2016-03-25T09:27:32Z">
    <groups>
    </groups>
    <test name="CorpCalc testx" duration-ms="4563" started-at="2016-03-25T09:27:27Z" finished-at="2016-03-25T09:27:32Z">
      <class name="OpenStartPageTest">
        <test-method status="PASS" signature="bornDriver()[pri:0, instance:OpenStartPageTest@523884b2]" name="bornDriver" is-config="true" duration-ms="1642" started-at="2016-03-25T15:27:27Z" finished-at="2016-03-25T15:27:29Z">
          <reporter-output>
          </reporter-output>
        </test-method> <!-- bornDriver -->
        <test-method status="PASS" signature="openStartPage()[pri:0, instance:OpenStartPageTest@523884b2]" name="openStartPage" duration-ms="2006" started-at="2016-03-25T15:27:29Z" finished-at="2016-03-25T15:27:31Z">
          <reporter-output>
          </reporter-output>
        </test-method> <!-- openStartPage -->
        <test-method status="PASS" signature="killDriver()[pri:0, instance:OpenStartPageTest@523884b2]" name="killDriver" is-config="true" duration-ms="858" started-at="2016-03-25T15:27:31Z" finished-at="2016-03-25T15:27:32Z">
          <reporter-output>
          </reporter-output>
        </test-method> <!-- killDriver -->
      </class> <!-- OpenStartPageTest -->
    </test> <!-- CorpCalc testx -->
  </suite> <!-- Google suites (0) -->
</testng-results>
